2025-03-20T12:15:13.226+05:30  INFO   --- [           main] c.a.v.s.EngagementServiceImpl            : Fetching engagement stats for Video ID=1
2025-03-20T12:15:13.235+05:30  INFO   --- [           main] c.a.v.s.EngagementServiceImpl            : Returning engagement stats for Video ID=1 -> Impressions=5, Views=2
2025-03-20T12:15:13.255+05:30  INFO   --- [           main] c.a.v.s.EngagementServiceImpl            : Fetching engagement stats for Video ID=1
2025-03-20T12:15:13.265+05:30  INFO   --- [           main] c.a.v.s.EngagementServiceImpl            : Processing engagement tracking for Video ID=1, Type=IMPRESSION
2025-03-20T12:15:13.265+05:30  INFO   --- [           main] c.a.v.s.EngagementServiceImpl            : New engagement created for Video ID=1
2025-03-20T12:15:13.265+05:30  INFO   --- [           main] c.a.v.s.EngagementServiceImpl            : Engagement recorded in DB for Video ID=1, Type=IMPRESSION
2025-03-20T12:15:13.266+05:30  INFO   --- [           main] c.a.v.s.EngagementServiceImpl            : Engagement response : EngagementResponse(videoId=1, userId=null, title=null, impressions=null, views=null, message=Engagement recorded successfully, type=null, success=true)
2025-03-20T12:15:13.274+05:30  INFO   --- [           main] c.a.v.s.EngagementServiceImpl            : Processing engagement tracking for Video ID=1, Type=VIEW
2025-03-20T12:15:13.274+05:30  INFO   --- [           main] c.a.v.s.EngagementServiceImpl            : Updated engagement for Video ID=1 -> Impressions=5, Views=3
2025-03-20T12:15:13.275+05:30  INFO   --- [           main] c.a.v.s.EngagementServiceImpl            : Engagement recorded in DB for Video ID=1, Type=VIEW
2025-03-20T12:15:13.275+05:30  INFO   --- [           main] c.a.v.s.EngagementServiceImpl            : Engagement response : EngagementResponse(videoId=1, userId=null, title=null, impressions=null, views=null, message=Engagement recorded successfully, type=null, success=true)
2025-03-20T12:15:13.276+05:30  INFO   --- [           main] c.a.v.s.EngagementServiceImpl            : Fetching engagement stats for Video ID=1
2025-03-20T12:15:13.279+05:30  INFO   --- [           main] c.a.v.s.EngagementServiceImpl            : Processing engagement tracking for Video ID=1, Type=VIEW
2025-03-20T12:15:13.279+05:30  INFO   --- [           main] c.a.v.s.EngagementServiceImpl            : Engagement event sent to Kafka for Video ID: 1, Type: VIEW
2025-03-20T12:15:13.280+05:30  INFO   --- [           main] c.a.v.s.EngagementServiceImpl            : Processing engagement tracking for Video ID=1, Type=VIEW
2025-03-20T12:15:13.289+05:30  INFO   --- [           main] c.a.v.services.VideoService              : Fetching video content for Video ID: 1
2025-03-20T12:15:13.289+05:30  INFO   --- [           main] c.a.v.services.VideoService              : Video content loaded successfully: ID=1, Title=Test Video
2025-03-20T12:15:13.292+05:30  INFO   --- [           main] c.a.v.services.VideoService              : Fetching video content for Video ID: 2
2025-03-20T12:15:13.296+05:30  INFO   --- [           main] c.a.v.services.VideoService              : Fetching video content for ID: 1
2025-03-20T12:15:13.298+05:30 ERROR   --- [           main] c.a.v.services.VideoService              : Internal Server Error: Video file URL is missing for Video ID: 1
2025-03-20T12:15:13.300+05:30  INFO   --- [           main] c.a.v.services.VideoService              : Fetching video content for ID: 1
2025-03-20T12:15:13.300+05:30  INFO   --- [           main] c.a.v.services.VideoService              : Video content ready to play: ID=1, Title=Test Video
2025-03-20T12:15:13.303+05:30  INFO   --- [           main] c.a.v.services.VideoService              : Searching videos with phrase: 'Action', page=0, size=10
2025-03-20T12:15:13.304+05:30  INFO   --- [           main] c.a.v.services.VideoService              : Search completed: Found 1 videos
2025-03-20T12:15:13.305+05:30  INFO   --- [           main] c.a.v.services.VideoService              : Publishing new video: Test Video
2025-03-20T12:15:13.305+05:30  WARN   --- [           main] c.a.v.services.VideoService              : Video with title 'Test Video' already exists
2025-03-20T12:15:13.307+05:30  INFO   --- [           main] c.a.v.services.VideoService              : Fetching all videos: page=0, size=10
2025-03-20T12:15:13.307+05:30  WARN   --- [           main] c.a.v.services.VideoService              : No videos found in the database
2025-03-20T12:15:13.308+05:30  INFO   --- [           main] c.a.v.services.VideoService              : Publishing new video: Test Video
2025-03-20T12:15:13.308+05:30  INFO   --- [           main] c.a.v.services.VideoService              : Video 'Test Video' published successfully with ID: 1
2025-03-20T12:15:13.310+05:30  INFO   --- [           main] c.a.v.services.VideoService              : Fetching all videos: page=0, size=10
2025-03-20T12:15:13.310+05:30  INFO   --- [           main] c.a.v.services.VideoService              : Fetched 1 videos successfully
2025-03-20T12:15:13.312+05:30  INFO   --- [           main] c.a.v.services.VideoService              : Attempting to soft delete video ID: 1
2025-03-20T12:15:13.312+05:30  INFO   --- [           main] c.a.v.services.VideoService              : Video ID '1' has been soft deleted
2025-03-20T12:15:13.314+05:30  INFO   --- [           main] c.a.v.services.VideoService              : Publishing new video: Test Video
2025-03-20T12:15:13.314+05:30 ERROR   --- [           main] c.a.v.services.VideoService              : Error occurred while publishing video: Database Error

java.lang.RuntimeException: Database Error
	at com.api.videostreaming.serviceImpls.VideoServiceImpl.publishVideo(VideoServiceImpl.java:75)
	at com.api.videostreaming.implsTests.VideoServiceImplTests.lambda$shouldThrowExceptionWhenPublishingFails$0(VideoServiceImplTests.java:110)
	at org.junit.jupiter.api.AssertThrows.assertThrows(AssertThrows.java:55)
	at org.junit.jupiter.api.AssertThrows.assertThrows(AssertThrows.java:37)
	at org.junit.jupiter.api.Assertions.assertThrows(Assertions.java:3082)
	at com.api.videostreaming.implsTests.VideoServiceImplTests.shouldThrowExceptionWhenPublishingFails(VideoServiceImplTests.java:110)
	at java.base/jdk.internal.reflect.NativeMethodAccessorImpl.invoke0(Native Method)
	at java.base/jdk.internal.reflect.NativeMethodAccessorImpl.invoke(NativeMethodAccessorImpl.java:77)
	at java.base/jdk.internal.reflect.DelegatingMethodAccessorImpl.invoke(DelegatingMethodAccessorImpl.java:43)
	at java.base/java.lang.reflect.Method.invoke(Method.java:568)
	at org.junit.platform.commons.util.ReflectionUtils.invokeMethod(ReflectionUtils.java:728)
	at org.junit.jupiter.engine.execution.MethodInvocation.proceed(MethodInvocation.java:60)
	at org.junit.jupiter.engine.execution.InvocationInterceptorChain$ValidatingInvocation.proceed(InvocationInterceptorChain.java:131)
	at org.junit.jupiter.engine.extension.TimeoutExtension.intercept(TimeoutExtension.java:149)
	at org.junit.jupiter.engine.extension.TimeoutExtension.interceptTestableMethod(TimeoutExtension.java:140)
	at org.junit.jupiter.engine.extension.TimeoutExtension.interceptTestMethod(TimeoutExtension.java:84)
	at org.junit.jupiter.engine.execution.ExecutableInvoker$ReflectiveInterceptorCall.lambda$ofVoidMethod$0(ExecutableInvoker.java:115)
	at org.junit.jupiter.engine.execution.ExecutableInvoker.lambda$invoke$0(ExecutableInvoker.java:105)
	at org.junit.jupiter.engine.execution.InvocationInterceptorChain$InterceptedInvocation.proceed(InvocationInterceptorChain.java:106)
	at org.junit.jupiter.engine.execution.InvocationInterceptorChain.proceed(InvocationInterceptorChain.java:64)
	at org.junit.jupiter.engine.execution.InvocationInterceptorChain.chainAndInvoke(InvocationInterceptorChain.java:45)
	at org.junit.jupiter.engine.execution.InvocationInterceptorChain.invoke(InvocationInterceptorChain.java:37)
	at org.junit.jupiter.engine.execution.ExecutableInvoker.invoke(ExecutableInvoker.java:104)
	at org.junit.jupiter.engine.execution.ExecutableInvoker.invoke(ExecutableInvoker.java:98)
	at org.junit.jupiter.engine.descriptor.TestMethodTestDescriptor.lambda$invokeTestMethod$7(TestMethodTestDescriptor.java:214)
	at org.junit.platform.engine.support.hierarchical.ThrowableCollector.execute(ThrowableCollector.java:73)
	at org.junit.jupiter.engine.descriptor.TestMethodTestDescriptor.invokeTestMethod(TestMethodTestDescriptor.java:210)
	at org.junit.jupiter.engine.descriptor.TestMethodTestDescriptor.execute(TestMethodTestDescriptor.java:135)
	at org.junit.jupiter.engine.descriptor.TestMethodTestDescriptor.execute(TestMethodTestDescriptor.java:66)
	at org.junit.platform.engine.support.hierarchical.NodeTestTask.lambda$executeRecursively$6(NodeTestTask.java:156)
	at org.junit.platform.engine.support.hierarchical.ThrowableCollector.execute(ThrowableCollector.java:73)
	at org.junit.platform.engine.support.hierarchical.NodeTestTask.lambda$executeRecursively$8(NodeTestTask.java:146)
	at org.junit.platform.engine.support.hierarchical.Node.around(Node.java:137)
	at org.junit.platform.engine.support.hierarchical.NodeTestTask.lambda$executeRecursively$9(NodeTestTask.java:144)
	at org.junit.platform.engine.support.hierarchical.ThrowableCollector.execute(ThrowableCollector.java:73)
	at org.junit.platform.engine.support.hierarchical.NodeTestTask.executeRecursively(NodeTestTask.java:143)
	at org.junit.platform.engine.support.hierarchical.NodeTestTask.execute(NodeTestTask.java:100)
	at java.base/java.util.ArrayList.forEach(ArrayList.java:1511)
	at org.junit.platform.engine.support.hierarchical.SameThreadHierarchicalTestExecutorService.invokeAll(SameThreadHierarchicalTestExecutorService.java:41)
	at org.junit.platform.engine.support.hierarchical.NodeTestTask.lambda$executeRecursively$6(NodeTestTask.java:160)
	at org.junit.platform.engine.support.hierarchical.ThrowableCollector.execute(ThrowableCollector.java:73)
	at org.junit.platform.engine.support.hierarchical.NodeTestTask.lambda$executeRecursively$8(NodeTestTask.java:146)
	at org.junit.platform.engine.support.hierarchical.Node.around(Node.java:137)
	at org.junit.platform.engine.support.hierarchical.NodeTestTask.lambda$executeRecursively$9(NodeTestTask.java:144)
	at org.junit.platform.engine.support.hierarchical.ThrowableCollector.execute(ThrowableCollector.java:73)
	at org.junit.platform.engine.support.hierarchical.NodeTestTask.executeRecursively(NodeTestTask.java:143)
	at org.junit.platform.engine.support.hierarchical.NodeTestTask.execute(NodeTestTask.java:100)
	at java.base/java.util.ArrayList.forEach(ArrayList.java:1511)
	at org.junit.platform.engine.support.hierarchical.SameThreadHierarchicalTestExecutorService.invokeAll(SameThreadHierarchicalTestExecutorService.java:41)
	at org.junit.platform.engine.support.hierarchical.NodeTestTask.lambda$executeRecursively$6(NodeTestTask.java:160)
	at org.junit.platform.engine.support.hierarchical.ThrowableCollector.execute(ThrowableCollector.java:73)
	at org.junit.platform.engine.support.hierarchical.NodeTestTask.lambda$executeRecursively$8(NodeTestTask.java:146)
	at org.junit.platform.engine.support.hierarchical.Node.around(Node.java:137)
	at org.junit.platform.engine.support.hierarchical.NodeTestTask.lambda$executeRecursively$9(NodeTestTask.java:144)
	at org.junit.platform.engine.support.hierarchical.ThrowableCollector.execute(ThrowableCollector.java:73)
	at org.junit.platform.engine.support.hierarchical.NodeTestTask.executeRecursively(NodeTestTask.java:143)
	at org.junit.platform.engine.support.hierarchical.NodeTestTask.execute(NodeTestTask.java:100)
	at org.junit.platform.engine.support.hierarchical.SameThreadHierarchicalTestExecutorService.submit(SameThreadHierarchicalTestExecutorService.java:35)
	at org.junit.platform.engine.support.hierarchical.HierarchicalTestExecutor.execute(HierarchicalTestExecutor.java:57)
	at org.junit.platform.engine.support.hierarchical.HierarchicalTestEngine.execute(HierarchicalTestEngine.java:54)
	at org.junit.platform.launcher.core.EngineExecutionOrchestrator.execute(EngineExecutionOrchestrator.java:198)
	at org.junit.platform.launcher.core.EngineExecutionOrchestrator.execute(EngineExecutionOrchestrator.java:169)
	at org.junit.platform.launcher.core.EngineExecutionOrchestrator.execute(EngineExecutionOrchestrator.java:93)
	at org.junit.platform.launcher.core.EngineExecutionOrchestrator.lambda$execute$0(EngineExecutionOrchestrator.java:58)
	at org.junit.platform.launcher.core.EngineExecutionOrchestrator.withInterceptedStreams(EngineExecutionOrchestrator.java:141)
	at org.junit.platform.launcher.core.EngineExecutionOrchestrator.execute(EngineExecutionOrchestrator.java:57)
	at org.junit.platform.launcher.core.DefaultLauncher.execute(DefaultLauncher.java:103)
	at org.junit.platform.launcher.core.DefaultLauncher.execute(DefaultLauncher.java:85)
	at org.junit.platform.launcher.core.DelegatingLauncher.execute(DelegatingLauncher.java:47)
	at org.apache.maven.surefire.junitplatform.LazyLauncher.execute(LazyLauncher.java:56)
	at org.apache.maven.surefire.junitplatform.JUnitPlatformProvider.execute(JUnitPlatformProvider.java:184)
	at org.apache.maven.surefire.junitplatform.JUnitPlatformProvider.invokeAllTests(JUnitPlatformProvider.java:148)
	at org.apache.maven.surefire.junitplatform.JUnitPlatformProvider.invoke(JUnitPlatformProvider.java:122)
	at org.apache.maven.surefire.booter.ForkedBooter.runSuitesInProcess(ForkedBooter.java:385)
	at org.apache.maven.surefire.booter.ForkedBooter.execute(ForkedBooter.java:162)
	at org.apache.maven.surefire.booter.ForkedBooter.run(ForkedBooter.java:507)
	at org.apache.maven.surefire.booter.ForkedBooter.main(ForkedBooter.java:495)

2025-03-20T12:15:13.316+05:30  INFO   --- [           main] c.a.v.services.VideoService              : Searching videos with phrase: 'Unknown', page=0, size=10
2025-03-20T12:15:13.316+05:30  WARN   --- [           main] c.a.v.services.VideoService              : No videos found for search phrase: 'Unknown'
2025-03-20T12:15:13.317+05:30  INFO   --- [           main] c.a.v.services.VideoService              : Attempting to soft delete video ID: 2
2025-03-20T12:15:13.317+05:30  WARN   --- [           main] c.a.v.services.VideoService              : Video with ID '2' not found
